**** BEGIN LOGGING AT Mon May 19 23:59:44 2025

May 19 23:59:44 *	Now talking on #wmjpg
May 19 23:59:44 *	zinc.libera.chat sets mode +C on #wmjpg
May 19 23:59:44 *	zinc.libera.chat sets mode +n on #wmjpg
May 19 23:59:44 *	zinc.libera.chat sets mode +s on #wmjpg
May 19 23:59:44 *	zinc.libera.chat sets mode +t on #wmjpg
May 19 23:59:44 -NickServ-	You are already logged in as wm.
May 19 23:59:44 *	services. removes channel operator status from wm
May 19 23:59:44 *	*** Notice -- TS for #wmjpg changed from 1747717184 to 1747525445
May 19 23:59:44 *	services. sets mode -s on #wmjpg
May 19 23:59:44 *	ChanServ (ChanServ@services.libera.chat) has joined
May 19 23:59:44 *	services. gives channel operator status to ChanServ
**** ENDING LOGGING AT Tue May 20 00:03:25 2025

**** BEGIN LOGGING AT Tue May 20 00:03:25 2025

**** ENDING LOGGING AT Tue May 20 01:15:31 2025

**** BEGIN LOGGING AT Tue May 20 01:15:31 2025

**** ENDING LOGGING AT Tue May 20 01:40:34 2025

**** BEGIN LOGGING AT Tue May 20 01:40:34 2025

May 22 10:01:58 *	halloy2979 (~halloy297@2603:6000:b800:2172:7ba:b0ec:72e0:fe19) has joined
May 22 10:01:58 *	ChanServ (ChanServ@services.libera.chat) has left
May 22 10:03:58 *	halloy2979 has quit (Client Quit)
May 22 10:14:05 >ChanServ<	flags #wmjpg ChanServ +o
May 22 10:14:05 -ChanServ-	ChanServ is not registered.
May 22 10:14:34 >ChanServ<	info #yourchannel
May 22 10:14:34 -ChanServ-	#yourchannel is not registered.
May 22 10:14:39 >ChanServ<	info #wmjpg
May 22 10:14:39 -ChanServ-	Information on #wmjpg:
May 22 10:14:39 -ChanServ-	Founder    : wm
May 22 10:14:39 -ChanServ-	Successor  : libera-placeholder-account
May 22 10:14:39 -ChanServ-	Registered : May 17 23:45:24 2025 +0000 (4d 15h 29m ago)
May 22 10:14:39 -ChanServ-	Mode lock  : +ntC
May 22 10:14:39 -ChanServ-	Flags      : PUBACL
May 22 10:14:39 -ChanServ-	*** End of Info ***
May 22 10:14:55 >ChanServ<	set #wmjpg guard on
May 22 10:14:56 *	ChanServ (ChanServ@services.libera.chat) has joined
May 22 10:14:56 *	services. gives channel operator status to ChanServ
May 22 10:14:56 -ChanServ-	The GUARD flag has been set for channel #wmjpg.
May 22 10:15:45 *	#wmjpg :You're not a channel operator
May 22 10:15:59 >ChanServ<	access #wmjpg add ChanServ SOP
May 22 10:15:59 -ChanServ-	Invalid ChanServ command.
May 22 10:15:59 -ChanServ-	Use /msg ChanServ HELP for a ChanServ command listing.
May 22 10:16:13 >ChanServ<	HELP
May 22 10:16:13 -ChanServ-	***** ChanServ Help *****
May 22 10:16:13 -ChanServ-	 
May 22 10:16:13 -ChanServ-	ChanServ gives normal users the ability to maintain control
May 22 10:16:13 -ChanServ-	of a channel, without the need of a bot. Channel takeovers are
May 22 10:16:13 -ChanServ-	virtually impossible when a channel is registered with ChanServ.
May 22 10:16:13 -ChanServ-	 
May 22 10:16:13 -ChanServ-	Registration is a quick and painless process. Once registered,
May 22 10:16:13 -ChanServ-	the founder can maintain complete and total control over the
May 22 10:16:13 -ChanServ-	channel.
May 22 10:16:13 -ChanServ-	 
May 22 10:16:13 -ChanServ-	Please note that channels will expire if there are no eligible channel successors.
May 22 10:16:13 -ChanServ-	 
May 22 10:16:13 -ChanServ-	Successors are primarily those who have the +S (if available)
May 22 10:16:13 -ChanServ-	or +R flag set on their account in the channel, although other
May 22 10:16:13 -ChanServ-	people may be chosen depending on their access level and activity.
May 22 10:16:13 -ChanServ-	 
May 22 10:16:13 -ChanServ-	The following commands are available:
May 22 10:16:13 -ChanServ-	 
May 22 10:16:13 -ChanServ-	  AKICK           Manipulates a channel's AKICK list.
May 22 10:16:13 -ChanServ-	  CLEAR           Channel removal toolkit.
May 22 10:16:13 -ChanServ-	  DEOP            Removes channel ops from a user.
May 22 10:16:13 -ChanServ-	  DEVOICE         Removes channel voice from a user.
May 22 10:16:13 -ChanServ-	  DROP            Drops a channel registration.
May 22 10:16:13 -ChanServ-	  FLAGS           Manipulates specific permissions on a channel.
May 22 10:16:13 -ChanServ-	  GETKEY          Returns the key (+k) of a channel.
May 22 10:16:13 -ChanServ-	  INFO            Displays information on registrations.
May 22 10:16:13 -ChanServ-	  INVITE          Invites you to a channel.
May 22 10:16:13 -ChanServ-	  OP              Gives channel ops to a user.
May 22 10:16:13 -ChanServ-	  QUIET           Sets a quiet on a channel.
May 22 10:16:13 -ChanServ-	  REGISTER        Registers a channel.
May 22 10:16:13 -ChanServ-	  SET             Sets various control flags.
May 22 10:16:13 -ChanServ-	  TOPIC           Sets a topic on a channel.
May 22 10:16:13 -ChanServ-	  UNBAN           Unbans you on a channel.
May 22 10:16:13 -ChanServ-	  UNQUIET         Removes a quiet on a channel.
May 22 10:16:13 -ChanServ-	  VOICE           Gives channel voice to a user.
May 22 10:16:13 -ChanServ-	  WHY             Explains channel access logic.
May 22 10:16:13 -ChanServ-	 
May 22 10:16:13 -ChanServ-	The following additional commands are available:
May 22 10:16:13 -ChanServ-	 
May 22 10:16:13 -ChanServ-	  CLAIM, COUNT, HELP, LISTGROUPCHANS, LISTMODES, RECOVER,
May 22 10:16:13 -ChanServ-	  STATUS, SYNC, TAXONOMY, TEMPLATE, TOPICAPPEND,
May 22 10:16:13 -ChanServ-	  TOPICPREPEND, TOPICSWAP
May 22 10:16:13 -ChanServ-	 
May 22 10:16:13 -ChanServ-	For more information on a ChanServ command, type:
May 22 10:16:13 -ChanServ-	/msg ChanServ HELP <command>
May 22 10:16:13 -ChanServ-	 
May 22 10:16:13 -ChanServ-	For a verbose listing of all ChanServ commands, type:
May 22 10:16:13 -ChanServ-	/msg ChanServ HELP COMMANDS
May 22 10:16:13 -ChanServ-	 
May 22 10:16:13 -ChanServ-	***** End of Help *****
May 22 10:16:46 >ChanServ<	OP 
May 22 10:16:46 -ChanServ-	Insufficient parameters for OP.
May 22 10:16:46 -ChanServ-	Syntax: OP <#channel> [nickname] [...]
May 22 10:16:54 >ChanServ<	OP #wmjpg wm
May 22 10:16:54 *	ChanServ gives channel operator status to wm
**** ENDING LOGGING AT Thu May 22 10:17:21 2025

**** BEGIN LOGGING AT Thu May 22 10:17:31 2025

May 22 10:17:31 *	Now talking on #wmjpg
May 22 10:17:31 -NickServ-	You are already logged in as wm.
**** ENDING LOGGING AT Thu May 22 11:50:44 2025

**** BEGIN LOGGING AT Thu May 22 18:29:56 2025

May 22 18:29:56 *	Now talking on #wmjpg
May 22 18:29:56 -NickServ-	You are already logged in as wm.
May 23 14:15:34 <wm>	Judge blocks Trump plan to stop Harvard enrolling foreign students. | 
May 23 14:15:34 <wm>	Elias Rodriguez charged with murder of Israeli couple in Washington, DC. | 
May 23 14:15:34 <wm>	US accepts Qatari jet for Air Force One overhaul. | 
May 23 14:15:34 <wm>	Columbia University found violating Jewish students’ civil rights. | 
May 23 14:15:34 <wm>	Chicago shooting leaves man dead in Humboldt Park. | 
May 23 14:15:34 <wm>	Heavy metal drummer killed in San Diego plane crash. | 
May 23 14:15:34 <wm>	Trump’s tax-cut bill passes House, heads to Senate. | 
